<?xml version="1.0" encoding="UTF-8"?>
<!-- Generated by org.testng.reporters.JUnitReportReporter -->
<testsuite skipped="0" hostname="85ea4c40b454" name="com.nasa.tests.TestSuit" tests="8" failures="0" timestamp="19 Feb 2022 15:33:00 GMT" time="15.968" errors="0">
  <testcase name="VerifyFieldsNotNull" time="7.401" classname="com.nasa.tests.TestSuit"/>
  <testcase name="VerifyDataNotNull" time="0.000" classname="com.nasa.tests.TestSuit"/>
  <testcase name="VerifySignatureNotNull" time="0.024" classname="com.nasa.tests.TestSuit"/>
  <testcase name="VerifyCountNotNull" time="0.028" classname="com.nasa.tests.TestSuit"/>
  <testcase name="VerifyCountNotNull2" time="1.803" classname="com.nasa.tests.TestSuit"/>
  <testcase name="VerifyFilterValuesNotNull" time="1.148" classname="com.nasa.tests.TestSuit"/>
  <testcase name="VerifyDataValuesNotNull" time="1.329" classname="com.nasa.tests.TestSuit"/>
  <testcase name="VerifyTheStatusCodes" time="4.235" classname="com.nasa.tests.TestSuit"/>
</testsuite> <!-- com.nasa.tests.TestSuit -->
