<?xml version="1.0" encoding="UTF-8"?>
<!-- Generated by org.testng.reporters.JUnitReportReporter -->
<testsuite skipped="0" hostname="74dad99cfd07" name="com.nasa.tests.TestSuit" tests="8" failures="0" timestamp="19 Feb 2022 08:37:24 GMT" time="15.630" errors="0">
  <testcase name="VerifyFieldsNotNull" time="7.324" classname="com.nasa.tests.TestSuit"/>
  <testcase name="VerifyDataNotNull" time="0.000" classname="com.nasa.tests.TestSuit"/>
  <testcase name="VerifySignatureNotNull" time="0.025" classname="com.nasa.tests.TestSuit"/>
  <testcase name="VerifyCountNotNull" time="0.027" classname="com.nasa.tests.TestSuit"/>
  <testcase name="VerifyCountNotNull2" time="1.357" classname="com.nasa.tests.TestSuit"/>
  <testcase name="VerifyFilterValuesNotNull" time="1.353" classname="com.nasa.tests.TestSuit"/>
  <testcase name="VerifyDataValuesNotNull" time="1.392" classname="com.nasa.tests.TestSuit"/>
  <testcase name="VerifyTheStatusCodes" time="4.152" classname="com.nasa.tests.TestSuit"/>
</testsuite> <!-- com.nasa.tests.TestSuit -->
